<?xml version="1.0" encoding="UTF-8"?>
<!-- Generated by org.testng.reporters.JUnitXMLReporter -->
<testsuite ignored="0" hostname="hp" failures="0" tests="7" name="Test" time="106.065" errors="0" timestamp="2025-03-26T10:40:53 IST">
  <testcase classname="Testcases.RegisterTestcase" name="TestCases1" time="7.04"/>
  <testcase classname="Testcases.RegistrationInvalid" name="RegisterInvalid" time="6.308"/>
  <testcase classname="Testcases.LoginTestcase" name="loginTest" time="11.752"/>
  <testcase classname="Testcases.CartTestcase" name="TestCases3" time="12.015"/>
  <testcase classname="Testcases.Coupons" name="coupons" time="17.113"/>
  <testcase classname="Testcases.RemoveCart_testcase" name="Remove_Cart" time="27.755"/>
  <testcase classname="io.cucumber.testng.AbstractTestNGCucumberTests" name="runScenario" time="9.204"/>
</testsuite> <!-- Test -->
