<?xml version="1.0" encoding="UTF-8"?>
<!-- Generated by org.testng.reporters.JUnitXMLReporter -->
<testsuite ignored="0" hostname="hp" failures="0" tests="3" name="Test" time="33.887" errors="0" timestamp="2025-03-22T10:13:22 IST">
  <testcase classname="Testcases.RegisterTestcase" name="TestCases1" time="6.681"/>
  <testcase classname="Testcases.LoginTestcase" name="loginTest" time="10.855"/>
  <testcase classname="Testcases.cartTestcase" name="TestCases3" time="9.971"/>
</testsuite> <!-- Test -->
