<?xml version="1.0" encoding="UTF-8"?>
<testng-results ignored="0" total="4" passed="4" failed="0" skipped="0">
  <reporter-output>
  </reporter-output>
  <suite started-at="2025-03-22T13:44:31 IST" name="Suite" finished-at="2025-03-22T13:45:22 IST" duration-ms="50250">
    <groups>
      <group name="cucumber">
        <method signature="AbstractTestNGCucumberTests.runScenario(io.cucumber.testng.PickleWrapper,io.cucumber.testng.FeatureWrapper)[pri:0, instance:MyRunner.LoginrunnerTestNg@1aafa419]" name="runScenario" class="io.cucumber.testng.AbstractTestNGCucumberTests"/>
      </group> <!-- cucumber -->
    </groups>
    <test started-at="2025-03-22T13:44:31 IST" name="Test" finished-at="2025-03-22T13:45:22 IST" duration-ms="50250">
      <class name="MyRunner.LoginrunnerTestNg">
        <test-method is-config="true" signature="setUpClass(org.testng.ITestContext)[pri:0, instance:MyRunner.LoginrunnerTestNg@1aafa419]" started-at="2025-03-22T13:45:12 IST" name="setUpClass" finished-at="2025-03-22T13:45:13 IST" duration-ms="1277" status="PASS">
          <params>
            <param index="0">
              <value>
                <![CDATA[org.testng.TestRunner@548e43b1]]>
              </value>
            </param>
          </params>
          <reporter-output>
          </reporter-output>
        </test-method> <!-- setUpClass -->
        <test-method signature="runScenario(io.cucumber.testng.PickleWrapper,io.cucumber.testng.FeatureWrapper)[pri:0, instance:MyRunner.LoginrunnerTestNg@1aafa419]" started-at="2025-03-22T13:45:13 IST" name="runScenario" description="Runs Cucumber Scenarios" data-provider="scenarios" finished-at="2025-03-22T13:45:22 IST" duration-ms="8635" status="PASS">
          <params>
            <param index="0">
              <value>
                <![CDATA["Register a new user"]]>
              </value>
            </param>
            <param index="1">
              <value>
                <![CDATA["User Login"]]>
              </value>
            </param>
          </params>
          <reporter-output>
          </reporter-output>
        </test-method> <!-- runScenario -->
        <test-method is-config="true" signature="tearDownClass()[pri:0, instance:MyRunner.LoginrunnerTestNg@1aafa419]" started-at="2025-03-22T13:45:22 IST" name="tearDownClass" finished-at="2025-03-22T13:45:22 IST" duration-ms="39" status="PASS">
          <reporter-output>
          </reporter-output>
        </test-method> <!-- tearDownClass -->
      </class> <!-- MyRunner.LoginrunnerTestNg -->
      <class name="Testcases.cartTestcase">
        <test-method is-config="true" signature="readData()[pri:0, instance:Testcases.cartTestcase@7b2bbc3]" started-at="2025-03-22T13:44:32 IST" name="readData" finished-at="2025-03-22T13:44:32 IST" duration-ms="0" status="PASS">
          <reporter-output>
          </reporter-output>
        </test-method> <!-- readData -->
        <test-method is-config="true" signature="setup(java.lang.String)[pri:0, instance:Testcases.cartTestcase@7b2bbc3]" started-at="2025-03-22T13:44:57 IST" name="setup" finished-at="2025-03-22T13:44:58 IST" duration-ms="1096" status="PASS">
          <params>
            <param index="0">
              <value>
                <![CDATA[chrome]]>
              </value>
            </param>
          </params>
          <reporter-output>
          </reporter-output>
        </test-method> <!-- setup -->
        <test-method signature="TestCases3()[pri:0, instance:Testcases.cartTestcase@7b2bbc3]" started-at="2025-03-22T13:44:58 IST" name="TestCases3" finished-at="2025-03-22T13:45:11 IST" duration-ms="13156" status="PASS">
          <reporter-output>
          </reporter-output>
        </test-method> <!-- TestCases3 -->
        <test-method is-config="true" signature="closeBrowser()[pri:0, instance:Testcases.cartTestcase@7b2bbc3]" started-at="2025-03-22T13:45:11 IST" name="closeBrowser" finished-at="2025-03-22T13:45:12 IST" duration-ms="871" status="PASS">
          <reporter-output>
          </reporter-output>
        </test-method> <!-- closeBrowser -->
      </class> <!-- Testcases.cartTestcase -->
      <class name="Testcases.LoginTestcase">
        <test-method is-config="true" signature="readData()[pri:0, instance:Testcases.LoginTestcase@48f2bd5b]" started-at="2025-03-22T13:44:31 IST" name="readData" finished-at="2025-03-22T13:44:32 IST" duration-ms="257" status="PASS">
          <reporter-output>
          </reporter-output>
        </test-method> <!-- readData -->
        <test-method is-config="true" signature="setup(java.lang.String)[pri:0, instance:Testcases.LoginTestcase@48f2bd5b]" started-at="2025-03-22T13:44:44 IST" name="setup" finished-at="2025-03-22T13:44:45 IST" duration-ms="1137" status="PASS">
          <params>
            <param index="0">
              <value>
                <![CDATA[chrome]]>
              </value>
            </param>
          </params>
          <reporter-output>
          </reporter-output>
        </test-method> <!-- setup -->
        <test-method signature="loginTest()[pri:0, instance:Testcases.LoginTestcase@48f2bd5b]" started-at="2025-03-22T13:44:45 IST" name="loginTest" finished-at="2025-03-22T13:44:56 IST" duration-ms="10920" status="PASS">
          <reporter-output>
          </reporter-output>
        </test-method> <!-- loginTest -->
        <test-method is-config="true" signature="closeBrowser()[pri:0, instance:Testcases.LoginTestcase@48f2bd5b]" started-at="2025-03-22T13:44:56 IST" name="closeBrowser" finished-at="2025-03-22T13:44:57 IST" duration-ms="507" status="PASS">
          <reporter-output>
          </reporter-output>
        </test-method> <!-- closeBrowser -->
      </class> <!-- Testcases.LoginTestcase -->
      <class name="Testcases.RegisterTestcase">
        <test-method is-config="true" signature="readData()[pri:0, instance:Testcases.RegisterTestcase@6f1de4c7]" started-at="2025-03-22T13:44:32 IST" name="readData" finished-at="2025-03-22T13:44:32 IST" duration-ms="0" status="PASS">
          <reporter-output>
          </reporter-output>
        </test-method> <!-- readData -->
        <test-method is-config="true" signature="setup(java.lang.String)[pri:0, instance:Testcases.RegisterTestcase@6f1de4c7]" started-at="2025-03-22T13:44:32 IST" name="setup" finished-at="2025-03-22T13:44:34 IST" duration-ms="2706" status="PASS">
          <params>
            <param index="0">
              <value>
                <![CDATA[chrome]]>
              </value>
            </param>
          </params>
          <reporter-output>
          </reporter-output>
        </test-method> <!-- setup -->
        <test-method signature="TestCases1()[pri:0, instance:Testcases.RegisterTestcase@6f1de4c7]" started-at="2025-03-22T13:44:34 IST" name="TestCases1" finished-at="2025-03-22T13:44:43 IST" duration-ms="8194" status="PASS">
          <reporter-output>
          </reporter-output>
        </test-method> <!-- TestCases1 -->
        <test-method is-config="true" signature="closeBrowser()[pri:0, instance:Testcases.RegisterTestcase@6f1de4c7]" started-at="2025-03-22T13:44:43 IST" name="closeBrowser" finished-at="2025-03-22T13:44:44 IST" duration-ms="1391" status="PASS">
          <reporter-output>
          </reporter-output>
        </test-method> <!-- closeBrowser -->
      </class> <!-- Testcases.RegisterTestcase -->
    </test> <!-- Test -->
  </suite> <!-- Suite -->
</testng-results>
